 [debug] [2025-07-22T11:19:46.760Z] ----------------------------------------------------------------------
[debug] [2025-07-22T11:19:46.763Z] Command:       C:\Program Files\nodejs\node.exe C:\Users\DELL\AppData\Roaming\npm\node_modules\firebase-tools\lib\bin\firebase.js init hosting
[debug] [2025-07-22T11:19:46.763Z] CLI Version:   14.11.0
[debug] [2025-07-22T11:19:46.763Z] Platform:      win32
[debug] [2025-07-22T11:19:46.764Z] Node Version:  v22.14.0
[debug] [2025-07-22T11:19:46.764Z] Time:          Tue Jul 22 2025 16:49:46 GMT+0530 (India Standard Time)
[debug] [2025-07-22T11:19:46.764Z] ----------------------------------------------------------------------
[debug] 
[debug] [2025-07-22T11:19:46.769Z] > command requires scopes: ["email","openid","https://www.googleapis.com/auth/cloudplatformprojects.readonly","https://www.googleapis.com/auth/firebase","https://www.googleapis.com/auth/cloud-platform"]
[debug] [2025-07-22T11:19:46.769Z] > authorizing via signed-in user (shakeprotein77@gmail.com)
[info] 
     ######## #### ########  ######## ########     ###     ######  ########
     ##        ##  ##     ## ##       ##     ##  ##   ##  ##       ##
     ######    ##  ########  ######   ########  #########  ######  ######
     ##        ##  ##    ##  ##       ##     ## ##     ##       ## ##
     ##       #### ##     ## ######## ########  ##     ##  ######  ########

You're about to initialize a Firebase project in this directory:

  C:\Users\DELL\Faizan\Desktop\email-launcher-firebase

[info] 
=== Project Setup
[info] 
[info] First, let's associate this project directory with a Firebase project.
[info] You can create multiple project aliases by running firebase use --add, 
[info] but for now we'll just set up a default project.
[info] 
[debug] [2025-07-22T11:20:26.101Z] Checked if tokens are valid: true, expires at: 1753186769397
[debug] [2025-07-22T11:20:26.102Z] Checked if tokens are valid: true, expires at: 1753186769397
[debug] [2025-07-22T11:20:26.103Z] >>> [apiv2][query] GET https://firebase.googleapis.com/v1beta1/projects pageSize=100
[debug] [2025-07-22T11:20:26.750Z] <<< [apiv2][status] GET https://firebase.googleapis.com/v1beta1/projects 200
[debug] [2025-07-22T11:20:26.750Z] <<< [apiv2][body] GET https://firebase.googleapis.com/v1beta1/projects [omitted]
[info] i  Using project email-launcher-3948d (Email Launcher) 
[info] 
=== Hosting Setup
[debug] [2025-07-22T11:20:29.701Z] Checked if tokens are valid: true, expires at: 1753186769397
[debug] [2025-07-22T11:20:29.701Z] Checked if tokens are valid: true, expires at: 1753186769397
[debug] [2025-07-22T11:20:29.701Z] >>> [apiv2][query] GET https://firebase.googleapis.com/v1beta1/projects/email-launcher-3948d [none]
[debug] [2025-07-22T11:20:30.034Z] <<< [apiv2][status] GET https://firebase.googleapis.com/v1beta1/projects/email-launcher-3948d 200
[debug] [2025-07-22T11:20:30.035Z] <<< [apiv2][body] GET https://firebase.googleapis.com/v1beta1/projects/email-launcher-3948d {"projectId":"email-launcher-3948d","projectNumber":"149539073256","displayName":"Email Launcher","name":"projects/email-launcher-3948d","resources":{"hostingSite":"email-launcher-3948d"},"state":"ACTIVE","etag":"1_8fad9eba-e726-4faf-a6f7-5ff05f789e39"}
[info] 
[info] Your public directory is the folder (relative to your project directory) that
[info] will contain Hosting assets to be uploaded with firebase deploy. If you
[info] have a build process for your assets, use your build's output directory.
[info] 
[debug] [2025-07-22T11:20:47.112Z] >>> [apiv2][query] GET https://www.gstatic.com/firebasejs/releases.json [none]
[debug] [2025-07-22T11:20:47.148Z] <<< [apiv2][status] GET https://www.gstatic.com/firebasejs/releases.json 200
[debug] [2025-07-22T11:20:47.148Z] <<< [apiv2][body] GET https://www.gstatic.com/firebasejs/releases.json {"current":{"version":"12.0.0","browserURL":"https://www.gstatic.com/firebasejs/12.0.0/firebase.js","packageURL":"https://www.gstatic.com/firebasejs/12.0.0/firebase.tgz"},"live":{"version":"12.0","browserURL":"https://www.gstatic.com/firebasejs/live/12.0/firebase.js","packageURL":"https://www.gstatic.com/firebasejs/live/12.0/firebase.tgz"},"components":{"ai":"https://www.gstatic.com/firebasejs/12.0.0/firebase-ai.js","analytics":"https://www.gstatic.com/firebasejs/12.0.0/firebase-analytics.js","app":"https://www.gstatic.com/firebasejs/12.0.0/firebase-app.js","app-check":"https://www.gstatic.com/firebasejs/12.0.0/firebase-app-check.js","auth":"https://www.gstatic.com/firebasejs/12.0.0/firebase-auth.js","auth/cordova":"https://www.gstatic.com/firebasejs/12.0.0/firebase-auth/cordova.js","auth/web-extension":"https://www.gstatic.com/firebasejs/12.0.0/firebase-auth/web-extension.js","functions":"https://www.gstatic.com/firebasejs/12.0.0/firebase-functions.js","firestore":"https://www.gstatic.com/firebasejs/12.0.0/firebase-firestore.js","firestore/lite":"https://www.gstatic.com/firebasejs/12.0.0/firebase-firestore/lite.js","installations":"https://www.gstatic.com/firebasejs/12.0.0/firebase-installations.js","storage":"https://www.gstatic.com/firebasejs/12.0.0/firebase-storage.js","performance":"https://www.gstatic.com/firebasejs/12.0.0/firebase-performance.js","remote-config":"https://www.gstatic.com/firebasejs/12.0.0/firebase-remote-config.js","messaging":"https://www.gstatic.com/firebasejs/12.0.0/firebase-messaging.js","messaging/sw":"https://www.gstatic.com/firebasejs/12.0.0/firebase-messaging/sw.js","database":"https://www.gstatic.com/firebasejs/12.0.0/firebase-database.js","data-connect":"https://www.gstatic.com/firebasejs/12.0.0/firebase-data-connect.js","firestore.memory":"https://www.gstatic.com/firebasejs/12.0.0/firebase-firestore.memory.js"}}
[info] +  Wrote public/index.html 
[info] 
[info] i  Didn't detect a .git folder. Assuming C:\Users\DELL\Faizan\Desktop\email-launcher-firebase is the project root. 
[info] i  Authorizing with GitHub to upload your service account to a GitHub repository's secrets store. 
[info] 
[info] Visit this URL on this device to log in:
[info] https://github.com/login/oauth/authorize?client_id=89cf50f02ac6aaed3484&state=235424371&redirect_uri=http%3A%2F%2Flocalhost%3A9005&scope=read%3Auser%20repo%20public_repo
[info] 
[info] Waiting for authentication...
[debug] [2025-07-22T11:20:50.900Z] >>> [apiv2][query] POST https://github.com/login/oauth/access_token [none]
[debug] [2025-07-22T11:20:50.900Z] >>> [apiv2][body] POST https://github.com/login/oauth/access_token [stream]
[debug] [2025-07-22T11:20:51.277Z] <<< [apiv2][status] POST https://github.com/login/oauth/access_token 200
[debug] [2025-07-22T11:20:51.277Z] <<< [apiv2][body] POST https://github.com/login/oauth/access_token {"access_token":"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","token_type":"bearer","scope":"read:user,repo"}
[debug] [2025-07-22T11:20:51.287Z] >>> [apiv2][query] GET https://api.github.com/user [none]
[debug] [2025-07-22T11:20:51.636Z] <<< [apiv2][status] GET https://api.github.com/user 200
[debug] [2025-07-22T11:20:51.636Z] <<< [apiv2][body] GET https://api.github.com/user {"login":"ProteinShake3","id":216765864,"node_id":"U_kgDODOuVqA","avatar_url":"https://avatars.githubusercontent.com/u/216765864?v=4","gravatar_id":"","url":"https://api.github.com/users/ProteinShake3","html_url":"https://github.com/ProteinShake3","followers_url":"https://api.github.com/users/ProteinShake3/followers","following_url":"https://api.github.com/users/ProteinShake3/following{/other_user}","gists_url":"https://api.github.com/users/ProteinShake3/gists{/gist_id}","starred_url":"https://api.github.com/users/ProteinShake3/starred{/owner}{/repo}","subscriptions_url":"https://api.github.com/users/ProteinShake3/subscriptions","organizations_url":"https://api.github.com/users/ProteinShake3/orgs","repos_url":"https://api.github.com/users/ProteinShake3/repos","events_url":"https://api.github.com/users/ProteinShake3/events{/privacy}","received_events_url":"https://api.github.com/users/ProteinShake3/received_events","type":"User","user_view_type":"private","site_admin":false,"name":null,"company":null,"blog":"","location":null,"email":null,"hireable":null,"bio":null,"twitter_username":null,"notification_email":null,"public_repos":1,"public_gists":0,"followers":0,"following":0,"created_at":"2025-06-17T18:14:28Z","updated_at":"2025-06-17T18:14:31Z","private_gists":0,"total_private_repos":0,"owned_private_repos":0,"disk_usage":37,"collaborators":0,"two_factor_authentication":false,"plan":{"name":"free","space":976562499,"collaborators":0,"private_repos":10000}}
[info] 
[info] +  Success! Logged into GitHub as ProteinShake3 
[info] 
[debug] [2025-07-22T11:20:57.086Z] >>> [apiv2][query] GET https://api.github.com/repos//actions/secrets/public-key type=owner
[debug] [2025-07-22T11:20:57.374Z] <<< [apiv2][status] GET https://api.github.com/repos//actions/secrets/public-key 404
[debug] [2025-07-22T11:20:57.374Z] <<< [apiv2][body] GET https://api.github.com/repos//actions/secrets/public-key {"message":"Not Found","documentation_url":"https://docs.github.com/rest","status":"404"}
[info] 
[info] 
[error] !  The provided authorization cannot be used with this repository. If this repository is in an organization, did you remember to grant access? 
[info] 
[info] i  Action required: Visit this URL to ensure access has been granted to the appropriate organization(s) for the Firebase CLI GitHub OAuth App: 
[info] https://github.com/settings/connections/applications/89cf50f02ac6aaed3484
[info] 
[debug] [2025-07-22T11:21:12.709Z] >>> [apiv2][query] GET https://api.github.com/repos/EmailLauncherDynamic/actions/secrets/public-key type=owner
[debug] [2025-07-22T11:21:13.009Z] <<< [apiv2][status] GET https://api.github.com/repos/EmailLauncherDynamic/actions/secrets/public-key 404
[debug] [2025-07-22T11:21:13.009Z] <<< [apiv2][body] GET https://api.github.com/repos/EmailLauncherDynamic/actions/secrets/public-key {"message":"Not Found","documentation_url":"https://docs.github.com/rest","status":"404"}
[info] 
[info] 
[error] !  The provided authorization cannot be used with this repository. If this repository is in an organization, did you remember to grant access? 
[info] 
[info] i  Action required: Visit this URL to ensure access has been granted to the appropriate organization(s) for the Firebase CLI GitHub OAuth App: 
[info] https://github.com/settings/connections/applications/89cf50f02ac6aaed3484
[info] 
